<?xml version="1.0" encoding="UTF-8"?>
<coverage generated="1521568351478" clover="3.2.0">
  <project timestamp="1521568351478" name="All files">
    <metrics statements="6" coveredstatements="5" conditionals="0" coveredconditionals="0" methods="2" coveredmethods="1" elements="8" coveredelements="6" complexity="0" loc="6" ncloc="6" packages="2" files="2" classes="2">
      <package name="client">
        <metrics statements="4" coveredstatements="3" conditionals="0" coveredconditionals="0" methods="1" coveredmethods="0"/>
        <file name="setup-jest.ts" path="D:\Documents\Angular Projects\ng-hero-tour-ngrx\client\setup-jest.ts">
          <metrics statements="4" coveredstatements="3" conditionals="0" coveredconditionals="0" methods="1" coveredmethods="0"/>
          <line num="1" count="1" type="stmt"/>
          <line num="2" count="1" type="stmt"/>
          <line num="8" count="1" type="stmt"/>
          <line num="10" count="0" type="stmt"/>
        </file>
      </package>
      <package name="client.src.app">
        <metrics statements="2" coveredstatements="2" conditionals="0" coveredconditionals="0" methods="1" coveredmethods="1"/>
        <file name="sum.ts" path="D:\Documents\Angular Projects\ng-hero-tour-ngrx\client\src\app\sum.ts">
          <metrics statements="2" coveredstatements="2" conditionals="0" coveredconditionals="0" methods="1" coveredmethods="1"/>
          <line num="2" count="1" type="stmt"/>
          <line num="5" count="1" type="stmt"/>
        </file>
      </package>
    </metrics>
  </project>
</coverage>
