{"D:\\Documents\\Angular Projects\\ng-hero-tour-ngrx\\client\\setup-jest.ts": {"path":"D:\\Documents\\Angular Projects\\ng-hero-tour-ngrx\\client\\setup-jest.ts","statementMap":{"0":{"start":{"line":1,"column":0},"end":{"line":1,"column":29}},"1":{"start":{"line":2,"column":0},"end":{"line":2,"column":21}},"2":{"start":{"line":8,"column":0},"end":{"line":15,"column":3}},"3":{"start":{"line":10,"column":4},"end":{"line":13,"column":6}}},"fnMap":{"0":{"name":"(anonymous_0)","decl":{"start":{"line":9,"column":9},"end":{"line":null,"column":-1}},"loc":{"start":{"line":9,"column":9},"end":{"line":14,"column":3}}}},"branchMap":{},"s":{"0":1,"1":1,"2":1,"3":0},"f":{"0":0},"b":{}}
,"D:\\Documents\\Angular Projects\\ng-hero-tour-ngrx\\client\\src\\app\\sum.ts": {"path":"D:\\Documents\\Angular Projects\\ng-hero-tour-ngrx\\client\\src\\app\\sum.ts","statementMap":{"0":{"start":{"line":2,"column":4},"end":{"line":2,"column":17}},"1":{"start":{"line":5,"column":0},"end":{"line":5,"column":21}}},"fnMap":{"0":{"name":"sum","decl":{"start":{"line":1,"column":0},"end":{"line":1,"column":12}},"loc":{"start":{"line":1,"column":17},"end":{"line":3,"column":1}}}},"branchMap":{},"s":{"0":1,"1":1},"f":{"0":1},"b":{}}
}
